<?xml version="1.0" encoding="UTF-8"?>
<!-- Generated by org.testng.reporters.JUnitXMLReporter -->
<testsuite hostname="DESKTOP-CG5M29G" name="Default test" tests="10" failures="0" timestamp="14 Apr 2021 11:01:10 GMT" time="0.23" errors="0">
  <testcase name="test1" time="0.0" classname="pkg1.DataDrivenTest"/>
  <testcase name="test1" time="0.016" classname="pkg1.DataDrivenTest"/>
  <testcase name="test1" time="0.0" classname="pkg1.DataDrivenTest"/>
  <testcase name="test1" time="0.016" classname="pkg1.DataDrivenTest"/>
  <testcase name="test1" time="0.0" classname="pkg1.DataDrivenTest"/>
  <testcase name="test1" time="0.0" classname="pkg1.DataDrivenTest"/>
  <testcase name="test1" time="0.0" classname="pkg1.DataDrivenTest"/>
  <testcase name="test1" time="0.0" classname="pkg1.DataDrivenTest"/>
  <testcase name="test1" time="0.016" classname="pkg1.DataDrivenTest"/>
  <testcase name="test1" time="0.006" classname="pkg1.DataDrivenTest"/>
</testsuite> <!-- Default test -->
